<?xml version="1.0" encoding="UTF-8"?>
<testng-results skipped="0" failed="1" total="1" passed="0">
  <reporter-output>
  </reporter-output>
  <suite name="ReleaseQASuite" duration-ms="588307" started-at="2015-09-07T06:07:17Z" finished-at="2015-09-07T06:17:05Z">
    <groups>
    </groups>
    <test name="RegressionTest" duration-ms="588307" started-at="2015-09-07T06:07:17Z" finished-at="2015-09-07T06:17:05Z">
      <class name="com.automation.regressionsuite.TalkTest">
        <test-method status="PASS" signature="setUp()[pri:0, instance:com.automation.regressionsuite.TalkTest@538f1d7e]" name="setUp" is-config="true" duration-ms="8828" started-at="2015-09-07T11:37:17Z" finished-at="2015-09-07T11:37:26Z">
          <reporter-output>
          </reporter-output>
        </test-method> <!-- setUp -->
        <test-method status="FAIL" signature="verifyTalkOnSocialPage()[pri:0, instance:com.automation.regressionsuite.TalkTest@538f1d7e]" name="verifyTalkOnSocialPage" duration-ms="579464" started-at="2015-09-07T11:37:26Z" finished-at="2015-09-07T11:47:05Z">
          <exception class="java.lang.AssertionError">
            <full-stacktrace>
              <![CDATA[java.lang.AssertionError
	at org.junit.Assert.fail(Assert.java:86)
	at org.junit.Assert.fail(Assert.java:95)
	at com.automation.regressionsuite.TalkTest.verifyTalkOnSocialPage(Unknown Source)
	at sun.reflect.NativeMethodAccessorImpl.invoke0(Native Method)
	at sun.reflect.NativeMethodAccessorImpl.invoke(NativeMethodAccessorImpl.java:57)
	at sun.reflect.DelegatingMethodAccessorImpl.invoke(DelegatingMethodAccessorImpl.java:43)
	at java.lang.reflect.Method.invoke(Method.java:616)
	at org.testng.internal.MethodInvocationHelper.invokeMethod(MethodInvocationHelper.java:84)
	at org.testng.internal.Invoker.invokeMethod(Invoker.java:714)
	at org.testng.internal.Invoker.invokeTestMethod(Invoker.java:901)
	at org.testng.internal.Invoker.invokeTestMethods(Invoker.java:1231)
	at org.testng.internal.TestMethodWorker.invokeTestMethods(TestMethodWorker.java:127)
	at org.testng.internal.TestMethodWorker.run(TestMethodWorker.java:111)
	at org.testng.TestRunner.privateRun(TestRunner.java:767)
	at org.testng.TestRunner.run(TestRunner.java:617)
	at org.testng.SuiteRunner.runTest(SuiteRunner.java:334)
	at org.testng.SuiteRunner.runSequentially(SuiteRunner.java:329)
	at org.testng.SuiteRunner.privateRun(SuiteRunner.java:291)
	at org.testng.SuiteRunner.run(SuiteRunner.java:240)
	at org.testng.SuiteRunnerWorker.runSuite(SuiteRunnerWorker.java:52)
	at org.testng.SuiteRunnerWorker.run(SuiteRunnerWorker.java:86)
	at org.testng.TestNG.runSuitesSequentially(TestNG.java:1224)
	at org.testng.TestNG.runSuitesLocally(TestNG.java:1149)
	at org.testng.TestNG.run(TestNG.java:1057)
	at org.testng.TestNG.privateMain(TestNG.java:1364)
	at org.testng.TestNG.main(TestNG.java:1333)
]]>
            </full-stacktrace>
          </exception> <!-- java.lang.AssertionError -->
          <reporter-output>
          </reporter-output>
        </test-method> <!-- verifyTalkOnSocialPage -->
        <test-method status="PASS" signature="tearDown()[pri:0, instance:com.automation.regressionsuite.TalkTest@538f1d7e]" name="tearDown" is-config="true" duration-ms="1" started-at="2015-09-07T11:47:05Z" finished-at="2015-09-07T11:47:05Z">
          <reporter-output>
          </reporter-output>
        </test-method> <!-- tearDown -->
      </class> <!-- com.automation.regressionsuite.TalkTest -->
    </test> <!-- RegressionTest -->
  </suite> <!-- ReleaseQASuite -->
</testng-results>
