<?xml version="1.0" encoding="UTF-8"?>
<!-- Generated by org.testng.reporters.JUnitXMLReporter -->
<testsuite hostname="localhost.localdomain" name="RegressionTest" tests="1" failures="1" timestamp="7 Sep 2015 06:17:05 GMT" time="588.307" errors="0">
  <testcase name="verifyTalkOnSocialPage" time="579.464" classname="com.automation.regressionsuite.TalkTest">
    <failure type="java.lang.AssertionError">
      <![CDATA[java.lang.AssertionError
	at org.junit.Assert.fail(Assert.java:86)
	at org.junit.Assert.fail(Assert.java:95)
	at com.automation.regressionsuite.TalkTest.verifyTalkOnSocialPage(Unknown Source)
... Removed 23 stack frames]]>
    </failure>
  </testcase> <!-- verifyTalkOnSocialPage -->
</testsuite> <!-- RegressionTest -->
