<html>
<head>
<title>TestNG:  RegressionTest</title>
<link href="../testng.css" rel="stylesheet" type="text/css" />
<link href="../my-testng.css" rel="stylesheet" type="text/css" />

<style type="text/css">
.log { display: none;} 
.stack-trace { display: none;} 
</style>
<script type="text/javascript">
<!--
function flip(e) {
  current = e.style.display;
  if (current == 'block') {
    e.style.display = 'none';
    return 0;
  }
  else {
    e.style.display = 'block';
    return 1;
  }
}

function toggleBox(szDivId, elem, msg1, msg2)
{
  var res = -1;  if (document.getElementById) {
    res = flip(document.getElementById(szDivId));
  }
  else if (document.all) {
    // this is the way old msie versions work
    res = flip(document.all[szDivId]);
  }
  if(elem) {
    if(res == 0) elem.innerHTML = msg1; else elem.innerHTML = msg2;
  }

}

function toggleAllBoxes() {
  if (document.getElementsByTagName) {
    d = document.getElementsByTagName('div');
    for (i = 0; i < d.length; i++) {
      if (d[i].className == 'log') {
        flip(d[i]);
      }
    }
  }
}

// -->
</script>

</head>
<body>
<h2 align='center'>RegressionTest</h2><table border='1' align="center">
<tr>
<td>Tests passed/Failed/Skipped:</td><td>16/1/0</td>
</tr><tr>
<td>Started on:</td><td>Fri Apr 24 18:29:12 IST 2015</td>
</tr>
<tr><td>Total time:</td><td>2898 seconds (2898127 ms)</td>
</tr><tr>
<td>Included groups:</td><td></td>
</tr><tr>
<td>Excluded groups:</td><td></td>
</tr>
</table><p/>
<small><i>(Hover the method name to see the test class name)</i></small><p/>
<table width='100%' border='1' class='invocation-failed'>
<tr><td colspan='4' align='center'><b>FAILED TESTS</b></td></tr>
<tr><td><b>Test method</b></td>
<td width="30%"><b>Exception</b></td>
<td width="10%"><b>Time (seconds)</b></td>
<td><b>Instance</b></td>
</tr>
<tr>
<td title='com.automation.regressionsuite.SurveyEndToEndTest.surveyE2ETest()'><b>surveyE2ETest</b><br>Test class: com.automation.regressionsuite.SurveyEndToEndTest<br>Parameters: SURVY_003, AndrSurvey1554191154, no, Monthly, no, Percentage, 50, Success</td>
<td><div><pre>java.lang.AssertionError
	at org.junit.Assert.fail(Assert.java:86)
	at org.junit.Assert.fail(Assert.java:95)
	at com.automation.regressionsuite.SurveyEndToEndTest.surveyE2ETest(Unknown Source)
... Removed 23 stack frames</pre></div><a href='#' onClick='toggleBox("stack-trace1321482602", this, "Click to show all stack frames", "Click to hide stack frames")'>Click to show all stack frames</a>
<div class='stack-trace' id='stack-trace1321482602'><pre>java.lang.AssertionError
	at org.junit.Assert.fail(Assert.java:86)
	at org.junit.Assert.fail(Assert.java:95)
	at com.automation.regressionsuite.SurveyEndToEndTest.surveyE2ETest(Unknown Source)
	at sun.reflect.NativeMethodAccessorImpl.invoke0(Native Method)
	at sun.reflect.NativeMethodAccessorImpl.invoke(NativeMethodAccessorImpl.java:57)
	at sun.reflect.DelegatingMethodAccessorImpl.invoke(DelegatingMethodAccessorImpl.java:43)
	at java.lang.reflect.Method.invoke(Method.java:616)
	at org.testng.internal.MethodInvocationHelper.invokeMethod(MethodInvocationHelper.java:84)
	at org.testng.internal.Invoker.invokeMethod(Invoker.java:714)
	at org.testng.internal.Invoker.invokeTestMethod(Invoker.java:901)
	at org.testng.internal.Invoker.invokeTestMethods(Invoker.java:1231)
	at org.testng.internal.TestMethodWorker.invokeTestMethods(TestMethodWorker.java:127)
	at org.testng.internal.TestMethodWorker.run(TestMethodWorker.java:111)
	at org.testng.TestRunner.privateRun(TestRunner.java:767)
	at org.testng.TestRunner.run(TestRunner.java:617)
	at org.testng.SuiteRunner.runTest(SuiteRunner.java:334)
	at org.testng.SuiteRunner.runSequentially(SuiteRunner.java:329)
	at org.testng.SuiteRunner.privateRun(SuiteRunner.java:291)
	at org.testng.SuiteRunner.run(SuiteRunner.java:240)
	at org.testng.SuiteRunnerWorker.runSuite(SuiteRunnerWorker.java:52)
	at org.testng.SuiteRunnerWorker.run(SuiteRunnerWorker.java:86)
	at org.testng.TestNG.runSuitesSequentially(TestNG.java:1224)
	at org.testng.TestNG.runSuitesLocally(TestNG.java:1149)
	at org.testng.TestNG.run(TestNG.java:1057)
	at org.testng.TestNG.privateMain(TestNG.java:1364)
	at org.testng.TestNG.main(TestNG.java:1333)
</pre></div></td>
<td>173</td>
<td>com.automation.regressionsuite.SurveyEndToEndTest@68da4b71</td></tr>
</table><p>
<table width='100%' border='1' class='invocation-passed'>
<tr><td colspan='4' align='center'><b>PASSED TESTS</b></td></tr>
<tr><td><b>Test method</b></td>
<td width="30%"><b>Exception</b></td>
<td width="10%"><b>Time (seconds)</b></td>
<td><b>Instance</b></td>
</tr>
<tr>
<td title='com.automation.regressionsuite.SurveyEndToEndTest.surveyE2ETest()'><b>surveyE2ETest</b><br>Test class: com.automation.regressionsuite.SurveyEndToEndTest<br>Parameters: SURVY_016, Apr24Survey1528240228059, no, Yearly, January, Date, 5, Error</td>
<td></td>
<td>176</td>
<td>com.automation.regressionsuite.SurveyEndToEndTest@68da4b71</td></tr>
<tr>
<td title='com.automation.regressionsuite.SurveyEndToEndTest.surveyE2ETest()'><b>surveyE2ETest</b><br>Test class: com.automation.regressionsuite.SurveyEndToEndTest<br>Parameters: SURVY_001, AndrSurvey1540191240, no, Single, no, Percentage, 50, Success</td>
<td></td>
<td>167</td>
<td>com.automation.regressionsuite.SurveyEndToEndTest@68da4b71</td></tr>
<tr>
<td title='com.automation.regressionsuite.SurveyEndToEndTest.surveyE2ETest()'><b>surveyE2ETest</b><br>Test class: com.automation.regressionsuite.SurveyEndToEndTest<br>Parameters: SURVY_002, AndrSurvey1550191150, no, Single, no, Date, no, Success</td>
<td></td>
<td>171</td>
<td>com.automation.regressionsuite.SurveyEndToEndTest@68da4b71</td></tr>
<tr>
<td title='com.automation.regressionsuite.SurveyEndToEndTest.surveyE2ETest()'><b>surveyE2ETest</b><br>Test class: com.automation.regressionsuite.SurveyEndToEndTest<br>Parameters: SURVY_003, AndrSurvey1554191154, no, Monthly, no, Percentage, 50, Success</td>
<td></td>
<td>166</td>
<td>com.automation.regressionsuite.SurveyEndToEndTest@68da4b71</td></tr>
<tr>
<td title='com.automation.regressionsuite.SurveyEndToEndTest.surveyE2ETest()'><b>surveyE2ETest</b><br>Test class: com.automation.regressionsuite.SurveyEndToEndTest<br>Parameters: SURVY_004, AndrSurvey1557191157, no, Monthly, no, Date, 28, Success</td>
<td></td>
<td>168</td>
<td>com.automation.regressionsuite.SurveyEndToEndTest@68da4b71</td></tr>
<tr>
<td title='com.automation.regressionsuite.SurveyEndToEndTest.surveyE2ETest()'><b>surveyE2ETest</b><br>Test class: com.automation.regressionsuite.SurveyEndToEndTest<br>Parameters: SURVY_005, AndrSurvey1500191200, no, Quarterly, January, Percentage, 50, Success</td>
<td></td>
<td>171</td>
<td>com.automation.regressionsuite.SurveyEndToEndTest@68da4b71</td></tr>
<tr>
<td title='com.automation.regressionsuite.SurveyEndToEndTest.surveyE2ETest()'><b>surveyE2ETest</b><br>Test class: com.automation.regressionsuite.SurveyEndToEndTest<br>Parameters: SURVY_006, AndrSurvey1503191203, no, Quarterly, February, Date, 90, Success</td>
<td></td>
<td>170</td>
<td>com.automation.regressionsuite.SurveyEndToEndTest@68da4b71</td></tr>
<tr>
<td title='com.automation.regressionsuite.SurveyEndToEndTest.surveyE2ETest()'><b>surveyE2ETest</b><br>Test class: com.automation.regressionsuite.SurveyEndToEndTest<br>Parameters: SURVY_007, AndrSurvey1507191207, no, Half Yearly, January, Percentage, 50, Success</td>
<td></td>
<td>167</td>
<td>com.automation.regressionsuite.SurveyEndToEndTest@68da4b71</td></tr>
<tr>
<td title='com.automation.regressionsuite.SurveyEndToEndTest.surveyE2ETest()'><b>surveyE2ETest</b><br>Test class: com.automation.regressionsuite.SurveyEndToEndTest<br>Parameters: SURVY_008, AndrSurvey1510191210, no, Half Yearly, February, Date, 180, Success</td>
<td></td>
<td>170</td>
<td>com.automation.regressionsuite.SurveyEndToEndTest@68da4b71</td></tr>
<tr>
<td title='com.automation.regressionsuite.SurveyEndToEndTest.surveyE2ETest()'><b>surveyE2ETest</b><br>Test class: com.automation.regressionsuite.SurveyEndToEndTest<br>Parameters: SURVY_009, AndrSurvey1513191213, no, Yearly, January, Percentage, 50, Success</td>
<td></td>
<td>167</td>
<td>com.automation.regressionsuite.SurveyEndToEndTest@68da4b71</td></tr>
<tr>
<td title='com.automation.regressionsuite.SurveyEndToEndTest.surveyE2ETest()'><b>surveyE2ETest</b><br>Test class: com.automation.regressionsuite.SurveyEndToEndTest<br>Parameters: SURVY_010, AndrSurvey1517191217, no, Yearly, January, Date, 365, Success</td>
<td></td>
<td>171</td>
<td>com.automation.regressionsuite.SurveyEndToEndTest@68da4b71</td></tr>
<tr>
<td title='com.automation.regressionsuite.SurveyEndToEndTest.surveyE2ETest()'><b>surveyE2ETest</b><br>Test class: com.automation.regressionsuite.SurveyEndToEndTest<br>Parameters: SURVY_011, AndrSurvey1520191220, no, Cyclic, no, Percentage, 50, Success</td>
<td></td>
<td>170</td>
<td>com.automation.regressionsuite.SurveyEndToEndTest@68da4b71</td></tr>
<tr>
<td title='com.automation.regressionsuite.SurveyEndToEndTest.surveyE2ETest()'><b>surveyE2ETest</b><br>Test class: com.automation.regressionsuite.SurveyEndToEndTest<br>Parameters: SURVY_012, AndrSurvey1523191223, no, Cyclic, no, Date, 15, Success</td>
<td></td>
<td>172</td>
<td>com.automation.regressionsuite.SurveyEndToEndTest@68da4b71</td></tr>
<tr>
<td title='com.automation.regressionsuite.SurveyEndToEndTest.surveyE2ETest()'><b>surveyE2ETest</b><br>Test class: com.automation.regressionsuite.SurveyEndToEndTest<br>Parameters: SURVY_013, Apr24Survey1510240210017, no, Monthly, January, Date, 5, Error</td>
<td></td>
<td>168</td>
<td>com.automation.regressionsuite.SurveyEndToEndTest@68da4b71</td></tr>
<tr>
<td title='com.automation.regressionsuite.SurveyEndToEndTest.surveyE2ETest()'><b>surveyE2ETest</b><br>Test class: com.automation.regressionsuite.SurveyEndToEndTest<br>Parameters: SURVY_014, Apr24Survey1513240213006, no, Quarterly, February, Date, 5, Error</td>
<td></td>
<td>170</td>
<td>com.automation.regressionsuite.SurveyEndToEndTest@68da4b71</td></tr>
<tr>
<td title='com.automation.regressionsuite.SurveyEndToEndTest.surveyE2ETest()'><b>surveyE2ETest</b><br>Test class: com.automation.regressionsuite.SurveyEndToEndTest<br>Parameters: SURVY_015, Apr24Survey1515240215055, no, Half Yearly, February, Date, 5, Error</td>
<td></td>
<td>171</td>
<td>com.automation.regressionsuite.SurveyEndToEndTest@68da4b71</td></tr>
</table><p>
</body>
</html>